# JRE version: OpenJDK Runtime Environment (8.0_112-b06) (build 1.8.0_112-release-b06)
# Java VM: OpenJDK 64-Bit Server VM (25.112-b06 mixed mode linux-amd64 compressed oops)
Heap:
 PSYoungGen      total 151040K, used 20204K [0x00000000e0000000, 0x00000000ed080000, 0x0000000100000000)
  eden space 130048K, 0% used [0x00000000e0000000,0x00000000e0000000,0x00000000e7f00000)
  from space 20992K, 96% used [0x00000000e7f00000,0x00000000e92bb328,0x00000000e9380000)
  to   space 24064K, 0% used [0x00000000eb900000,0x00000000eb900000,0x00000000ed080000)
 ParOldGen       total 60416K, used 31531K [0x00000000a0000000, 0x00000000a3b00000, 0x00000000e0000000)
  object space 60416K, 52% used [0x00000000a0000000,0x00000000a1ecaf30,0x00000000a3b00000)
 Metaspace       used 57333K, capacity 59150K, committed 59160K, reserved 1099776K
  class space    used 7702K, capacity 8104K, committed 8112K, reserved 1048576K
GC Heap History (10 events):
Event: 10.898 GC heap after
Heap after GC invocations=11 (full 2):
 PSYoungGen      total 97280K, used 0K [0x00000000e0000000, 0x00000000e8400000, 0x0000000100000000)
  eden space 88064K, 0% used [0x00000000e0000000,0x00000000e0000000,0x00000000e5600000)
  from space 9216K, 0% used [0x00000000e5600000,0x00000000e5600000,0x00000000e5f00000)
  to   space 11264K, 0% used [0x00000000e7900000,0x00000000e7900000,0x00000000e8400000)
 ParOldGen       total 60416K, used 17872K [0x00000000a0000000, 0x00000000a3b00000, 0x00000000e0000000)
  object space 60416K, 29% used [0x00000000a0000000,0x00000000a1174098,0x00000000a3b00000)
 Metaspace       used 34711K, capacity 35250K, committed 35496K, reserved 1079296K
  class space    used 4644K, capacity 4819K, committed 4912K, reserved 1048576K
}
Event: 12.714 GC heap before
{Heap before GC invocations=12 (full 2):
 PSYoungGen      total 97280K, used 88064K [0x00000000e0000000, 0x00000000e8400000, 0x0000000100000000)
  eden space 88064K, 100% used [0x00000000e0000000,0x00000000e5600000,0x00000000e5600000)
  from space 9216K, 0% used [0x00000000e5600000,0x00000000e5600000,0x00000000e5f00000)
  to   space 11264K, 0% used [0x00000000e7900000,0x00000000e7900000,0x00000000e8400000)
 ParOldGen       total 60416K, used 17872K [0x00000000a0000000, 0x00000000a3b00000, 0x00000000e0000000)
  object space 60416K, 29% used [0x00000000a0000000,0x00000000a1174098,0x00000000a3b00000)
 Metaspace       used 42010K, capacity 42796K, committed 43056K, reserved 1087488K
  class space    used 5639K, capacity 5861K, committed 5936K, reserved 1048576K
Event: 12.728 GC heap after
Heap after GC invocations=12 (full 2):
 PSYoungGen      total 117760K, used 9128K [0x00000000e0000000, 0x00000000e8200000, 0x0000000100000000)
  eden space 108544K, 0% used [0x00000000e0000000,0x00000000e0000000,0x00000000e6a00000)
  from space 9216K, 99% used [0x00000000e7900000,0x00000000e81ea0f8,0x00000000e8200000)
  to   space 11776K, 0% used [0x00000000e6b00000,0x00000000e6b00000,0x00000000e7680000)
 ParOldGen       total 60416K, used 17880K [0x00000000a0000000, 0x00000000a3b00000, 0x00000000e0000000)
  object space 60416K, 29% used [0x00000000a0000000,0x00000000a1176098,0x00000000a3b00000)
 Metaspace       used 42010K, capacity 42796K, committed 43056K, reserved 1087488K
  class space    used 5639K, capacity 5861K, committed 5936K, reserved 1048576K
}
Event: 15.444 GC heap before
{Heap before GC invocations=13 (full 2):
 PSYoungGen      total 117760K, used 117672K [0x00000000e0000000, 0x00000000e8200000, 0x0000000100000000)
  eden space 108544K, 100% used [0x00000000e0000000,0x00000000e6a00000,0x00000000e6a00000)
  from space 9216K, 99% used [0x00000000e7900000,0x00000000e81ea0f8,0x00000000e8200000)
  to   space 11776K, 0% used [0x00000000e6b00000,0x00000000e6b00000,0x00000000e7680000)
 ParOldGen       total 60416K, used 17880K [0x00000000a0000000, 0x00000000a3b00000, 0x00000000e0000000)
  object space 60416K, 29% used [0x00000000a0000000,0x00000000a1176098,0x00000000a3b00000)
 Metaspace       used 48539K, capacity 50078K, committed 50352K, reserved 1093632K
  class space    used 6638K, capacity 6970K, committed 7088K, reserved 1048576K
Event: 15.483 GC heap after
Heap after GC invocations=13 (full 2):
 PSYoungGen      total 121344K, used 11763K [0x00000000e0000000, 0x00000000ea300000, 0x0000000100000000)
  eden space 109568K, 0% used [0x00000000e0000000,0x00000000e0000000,0x00000000e6b00000)
  from space 11776K, 99% used [0x00000000e6b00000,0x00000000e767cc90,0x00000000e7680000)
  to   space 15872K, 0% used [0x00000000e9380000,0x00000000e9380000,0x00000000ea300000)
 ParOldGen       total 60416K, used 24218K [0x00000000a0000000, 0x00000000a3b00000, 0x00000000e0000000)
  object space 60416K, 40% used [0x00000000a0000000,0x00000000a17a6ab0,0x00000000a3b00000)
 Metaspace       used 48539K, capacity 50078K, committed 50352K, reserved 1093632K
  class space    used 6638K, capacity 6970K, committed 7088K, reserved 1048576K
}
Event: 19.808 GC heap before
{Heap before GC invocations=14 (full 2):
 PSYoungGen      total 121344K, used 121331K [0x00000000e0000000, 0x00000000ea300000, 0x0000000100000000)
  eden space 109568K, 100% used [0x00000000e0000000,0x00000000e6b00000,0x00000000e6b00000)
  from space 11776K, 99% used [0x00000000e6b00000,0x00000000e767cc90,0x00000000e7680000)
  to   space 15872K, 0% used [0x00000000e9380000,0x00000000e9380000,0x00000000ea300000)
 ParOldGen       total 60416K, used 24218K [0x00000000a0000000, 0x00000000a3b00000, 0x00000000e0000000)
  object space 60416K, 40% used [0x00000000a0000000,0x00000000a17a6ab0,0x00000000a3b00000)
 Metaspace       used 55499K, capacity 57142K, committed 57264K, reserved 1099776K
  class space    used 7496K, capacity 7838K, committed 7856K, reserved 1048576K
Event: 19.845 GC heap after
Heap after GC invocations=14 (full 2):
 PSYoungGen      total 145920K, used 15855K [0x00000000e0000000, 0x00000000ead00000, 0x0000000100000000)
  eden space 130048K, 0% used [0x00000000e0000000,0x00000000e0000000,0x00000000e7f00000)
  from space 15872K, 99% used [0x00000000e9380000,0x00000000ea2fbd40,0x00000000ea300000)
  to   space 20992K, 0% used [0x00000000e7f00000,0x00000000e7f00000,0x00000000e9380000)
 ParOldGen       total 60416K, used 31523K [0x00000000a0000000, 0x00000000a3b00000, 0x00000000e0000000)
  object space 60416K, 52% used [0x00000000a0000000,0x00000000a1ec8f30,0x00000000a3b00000)
 Metaspace       used 55499K, capacity 57142K, committed 57264K, reserved 1099776K
  class space    used 7496K, capacity 7838K, committed 7856K, reserved 1048576K
}
Event: 21.168 GC heap before
{Heap before GC invocations=15 (full 2):
 PSYoungGen      total 145920K, used 71380K [0x00000000e0000000, 0x00000000ead00000, 0x0000000100000000)
  eden space 130048K, 42% used [0x00000000e0000000,0x00000000e36393f0,0x00000000e7f00000)
  from space 15872K, 99% used [0x00000000e9380000,0x00000000ea2fbd40,0x00000000ea300000)
  to   space 20992K, 0% used [0x00000000e7f00000,0x00000000e7f00000,0x00000000e9380000)
 ParOldGen       total 60416K, used 31523K [0x00000000a0000000, 0x00000000a3b00000, 0x00000000e0000000)
  object space 60416K, 52% used [0x00000000a0000000,0x00000000a1ec8f30,0x00000000a3b00000)
 Metaspace       used 57333K, capacity 59150K, committed 59160K, reserved 1099776K
  class space    used 7702K, capacity 8104K, committed 8112K, reserved 1048576K
Event: 21.203 GC heap after
Heap after GC invocations=15 (full 2):
 PSYoungGen      total 151040K, used 20204K [0x00000000e0000000, 0x00000000ed080000, 0x0000000100000000)
  eden space 130048K, 0% used [0x00000000e0000000,0x00000000e0000000,0x00000000e7f00000)
  from space 20992K, 96% used [0x00000000e7f00000,0x00000000e92bb328,0x00000000e9380000)
  to   space 24064K, 0% used [0x00000000eb900000,0x00000000eb900000,0x00000000ed080000)
 ParOldGen       total 60416K, used 31531K [0x00000000a0000000, 0x00000000a3b00000, 0x00000000e0000000)
  object space 60416K, 52% used [0x00000000a0000000,0x00000000a1ecaf30,0x00000000a3b00000)
 Metaspace       used 57333K, capacity 59150K, committed 59160K, reserved 1099776K
  class space    used 7702K, capacity 8104K, committed 8112K, reserved 1048576K
}
Event: 21.203 GC heap before
{Heap before GC invocations=16 (full 3):
 PSYoungGen      total 151040K, used 20204K [0x00000000e0000000, 0x00000000ed080000, 0x0000000100000000)
  eden space 130048K, 0% used [0x00000000e0000000,0x00000000e0000000,0x00000000e7f00000)
  from space 20992K, 96% used [0x00000000e7f00000,0x00000000e92bb328,0x00000000e9380000)
  to   space 24064K, 0% used [0x00000000eb900000,0x00000000eb900000,0x00000000ed080000)
 ParOldGen       total 60416K, used 31531K [0x00000000a0000000, 0x00000000a3b00000, 0x00000000e0000000)
  object space 60416K, 52% used [0x00000000a0000000,0x00000000a1ecaf30,0x00000000a3b00000)
 Metaspace       used 57333K, capacity 59150K, committed 59160K, reserved 1099776K
  class space    used 7702K, capacity 8104K, committed 8112K, reserved 1048576K

