# JRE version: OpenJDK Runtime Environment (8.0_112-b06) (build 1.8.0_112-release-b06)
# Java VM: OpenJDK 64-Bit Server VM (25.112-b06 mixed mode linux-amd64 compressed oops)
Heap:
 PSYoungGen      total 237056K, used 188582K [0x00000000e0000000, 0x00000000f1c80000, 0x0000000100000000)
  eden space 212480K, 77% used [0x00000000e0000000,0x00000000ea02cc30,0x00000000ecf80000)
  from space 24576K, 99% used [0x00000000eed00000,0x00000000f04fcce0,0x00000000f0500000)
  to   space 30208K, 0% used [0x00000000ecf80000,0x00000000ecf80000,0x00000000eed00000)
 ParOldGen       total 103424K, used 49390K [0x00000000a0000000, 0x00000000a6500000, 0x00000000e0000000)
  object space 103424K, 47% used [0x00000000a0000000,0x00000000a303ba20,0x00000000a6500000)
 Metaspace       used 68648K, capacity 71218K, committed 71472K, reserved 1112064K
  class space    used 8742K, capacity 9182K, committed 9264K, reserved 1048576K
GC Heap History (10 events):
Event: 26.154 GC heap before
{Heap before GC invocations=17 (full 3):
 PSYoungGen      total 153600K, used 133632K [0x00000000e0000000, 0x00000000edb80000, 0x0000000100000000)
  eden space 133632K, 100% used [0x00000000e0000000,0x00000000e8280000,0x00000000e8280000)
  from space 19968K, 0% used [0x00000000e8280000,0x00000000e8280000,0x00000000e9600000)
  to   space 25600K, 0% used [0x00000000ec280000,0x00000000ec280000,0x00000000edb80000)
 ParOldGen       total 103424K, used 44655K [0x00000000a0000000, 0x00000000a6500000, 0x00000000e0000000)
  object space 103424K, 43% used [0x00000000a0000000,0x00000000a2b9bf50,0x00000000a6500000)
 Metaspace       used 60003K, capacity 61902K, committed 62000K, reserved 1103872K
  class space    used 8051K, capacity 8466K, committed 8496K, reserved 1048576K
Event: 26.170 GC heap after
Heap after GC invocations=17 (full 3):
 PSYoungGen      total 181760K, used 8747K [0x00000000e0000000, 0x00000000ed180000, 0x0000000100000000)
  eden space 166400K, 0% used [0x00000000e0000000,0x00000000e0000000,0x00000000ea280000)
  from space 15360K, 56% used [0x00000000ec280000,0x00000000ecb0ac20,0x00000000ed180000)
  to   space 24064K, 0% used [0x00000000ea280000,0x00000000ea280000,0x00000000eba00000)
 ParOldGen       total 103424K, used 44663K [0x00000000a0000000, 0x00000000a6500000, 0x00000000e0000000)
  object space 103424K, 43% used [0x00000000a0000000,0x00000000a2b9df50,0x00000000a6500000)
 Metaspace       used 60003K, capacity 61902K, committed 62000K, reserved 1103872K
  class space    used 8051K, capacity 8466K, committed 8496K, reserved 1048576K
}
Event: 29.464 GC heap before
{Heap before GC invocations=18 (full 3):
 PSYoungGen      total 181760K, used 175147K [0x00000000e0000000, 0x00000000ed180000, 0x0000000100000000)
  eden space 166400K, 100% used [0x00000000e0000000,0x00000000ea280000,0x00000000ea280000)
  from space 15360K, 56% used [0x00000000ec280000,0x00000000ecb0ac20,0x00000000ed180000)
  to   space 24064K, 0% used [0x00000000ea280000,0x00000000ea280000,0x00000000eba00000)
 ParOldGen       total 103424K, used 44663K [0x00000000a0000000, 0x00000000a6500000, 0x00000000e0000000)
  object space 103424K, 43% used [0x00000000a0000000,0x00000000a2b9df50,0x00000000a6500000)
 Metaspace       used 64446K, capacity 66500K, committed 66864K, reserved 1107968K
  class space    used 8493K, capacity 8917K, committed 9008K, reserved 1048576K
Event: 29.485 GC heap after
Heap after GC invocations=18 (full 3):
 PSYoungGen      total 190464K, used 14982K [0x00000000e0000000, 0x00000000ef700000, 0x0000000100000000)
  eden space 166400K, 0% used [0x00000000e0000000,0x00000000e0000000,0x00000000ea280000)
  from space 24064K, 62% used [0x00000000ea280000,0x00000000eb121830,0x00000000eba00000)
  to   space 24576K, 0% used [0x00000000edf00000,0x00000000edf00000,0x00000000ef700000)
 ParOldGen       total 103424K, used 44679K [0x00000000a0000000, 0x00000000a6500000, 0x00000000e0000000)
  object space 103424K, 43% used [0x00000000a0000000,0x00000000a2ba1f50,0x00000000a6500000)
 Metaspace       used 64446K, capacity 66500K, committed 66864K, reserved 1107968K
  class space    used 8493K, capacity 8917K, committed 9008K, reserved 1048576K
}
Event: 102.546 GC heap before
{Heap before GC invocations=19 (full 3):
 PSYoungGen      total 190464K, used 181382K [0x00000000e0000000, 0x00000000ef700000, 0x0000000100000000)
  eden space 166400K, 100% used [0x00000000e0000000,0x00000000ea280000,0x00000000ea280000)
  from space 24064K, 62% used [0x00000000ea280000,0x00000000eb121830,0x00000000eba00000)
  to   space 24576K, 0% used [0x00000000edf00000,0x00000000edf00000,0x00000000ef700000)
 ParOldGen       total 103424K, used 44679K [0x00000000a0000000, 0x00000000a6500000, 0x00000000e0000000)
  object space 103424K, 43% used [0x00000000a0000000,0x00000000a2ba1f50,0x00000000a6500000)
 Metaspace       used 66641K, capacity 68722K, committed 69040K, reserved 1110016K
  class space    used 8654K, capacity 9040K, committed 9136K, reserved 1048576K
Event: 102.585 GC heap after
Heap after GC invocations=19 (full 3):
 PSYoungGen      total 216064K, used 14628K [0x00000000e0000000, 0x00000000ef100000, 0x0000000100000000)
  eden space 197632K, 0% used [0x00000000e0000000,0x00000000e0000000,0x00000000ec100000)
  from space 18432K, 79% used [0x00000000edf00000,0x00000000eed491e0,0x00000000ef100000)
  to   space 24576K, 0% used [0x00000000ec100000,0x00000000ec100000,0x00000000ed900000)
 ParOldGen       total 103424K, used 44687K [0x00000000a0000000, 0x00000000a6500000, 0x00000000e0000000)
  object space 103424K, 43% used [0x00000000a0000000,0x00000000a2ba3f50,0x00000000a6500000)
 Metaspace       used 66641K, capacity 68722K, committed 69040K, reserved 1110016K
  class space    used 8654K, capacity 9040K, committed 9136K, reserved 1048576K
}
Event: 421.999 GC heap before
{Heap before GC invocations=20 (full 3):
 PSYoungGen      total 216064K, used 212260K [0x00000000e0000000, 0x00000000ef100000, 0x0000000100000000)
  eden space 197632K, 100% used [0x00000000e0000000,0x00000000ec100000,0x00000000ec100000)
  from space 18432K, 79% used [0x00000000edf00000,0x00000000eed491e0,0x00000000ef100000)
  to   space 24576K, 0% used [0x00000000ec100000,0x00000000ec100000,0x00000000ed900000)
 ParOldGen       total 103424K, used 44687K [0x00000000a0000000, 0x00000000a6500000, 0x00000000e0000000)
  object space 103424K, 43% used [0x00000000a0000000,0x00000000a2ba3f50,0x00000000a6500000)
 Metaspace       used 67905K, capacity 70278K, committed 70448K, reserved 1110016K
  class space    used 8715K, capacity 9142K, committed 9264K, reserved 1048576K
Event: 422.037 GC heap after
Heap after GC invocations=20 (full 3):
 PSYoungGen      total 222208K, used 14506K [0x00000000e0000000, 0x00000000f0500000, 0x0000000100000000)
  eden space 197632K, 0% used [0x00000000e0000000,0x00000000e0000000,0x00000000ec100000)
  from space 24576K, 59% used [0x00000000ec100000,0x00000000ecf2a9e8,0x00000000ed900000)
  to   space 24576K, 0% used [0x00000000eed00000,0x00000000eed00000,0x00000000f0500000)
 ParOldGen       total 103424K, used 44695K [0x00000000a0000000, 0x00000000a6500000, 0x00000000e0000000)
  object space 103424K, 43% used [0x00000000a0000000,0x00000000a2ba5f50,0x00000000a6500000)
 Metaspace       used 67905K, capacity 70278K, committed 70448K, reserved 1110016K
  class space    used 8715K, capacity 9142K, committed 9264K, reserved 1048576K
}
Event: 424.820 GC heap before
{Heap before GC invocations=21 (full 3):
 PSYoungGen      total 222208K, used 212138K [0x00000000e0000000, 0x00000000f0500000, 0x0000000100000000)
  eden space 197632K, 100% used [0x00000000e0000000,0x00000000ec100000,0x00000000ec100000)
  from space 24576K, 59% used [0x00000000ec100000,0x00000000ecf2a9e8,0x00000000ed900000)
  to   space 24576K, 0% used [0x00000000eed00000,0x00000000eed00000,0x00000000f0500000)
 ParOldGen       total 103424K, used 44695K [0x00000000a0000000, 0x00000000a6500000, 0x00000000e0000000)
  object space 103424K, 43% used [0x00000000a0000000,0x00000000a2ba5f50,0x00000000a6500000)
 Metaspace       used 68303K, capacity 70792K, committed 70960K, reserved 1112064K
  class space    used 8726K, capacity 9161K, committed 9264K, reserved 1048576K
Event: 424.924 GC heap after
Heap after GC invocations=21 (full 3):
 PSYoungGen      total 237056K, used 24563K [0x00000000e0000000, 0x00000000f1c80000, 0x0000000100000000)
  eden space 212480K, 0% used [0x00000000e0000000,0x00000000e0000000,0x00000000ecf80000)
  from space 24576K, 99% used [0x00000000eed00000,0x00000000f04fcce0,0x00000000f0500000)
  to   space 30208K, 0% used [0x00000000ecf80000,0x00000000ecf80000,0x00000000eed00000)
 ParOldGen       total 103424K, used 49390K [0x00000000a0000000, 0x00000000a6500000, 0x00000000e0000000)
  object space 103424K, 47% used [0x00000000a0000000,0x00000000a303ba20,0x00000000a6500000)
 Metaspace       used 68303K, capacity 70792K, committed 70960K, reserved 1112064K
  class space    used 8726K, capacity 9161K, committed 9264K, reserved 1048576K
}

